[debug] [2022-09-06T21:36:08.435Z] ----------------------------------------------------------------------
[debug] [2022-09-06T21:36:08.438Z] Command:       C:\Program Files\nodejs\node.exe C:\Users\ibrahim\AppData\Roaming\npm\node_modules\firebase-tools\lib\bin\firebase.js emulators:start
[debug] [2022-09-06T21:36:08.439Z] CLI Version:   11.8.0
[debug] [2022-09-06T21:36:08.439Z] Platform:      win32
[debug] [2022-09-06T21:36:08.439Z] Node Version:  v16.15.1
[debug] [2022-09-06T21:36:08.451Z] Time:          Wed Sep 07 2022 01:36:08 GMT+0400 (Azerbaijan Standard Time)
[debug] [2022-09-06T21:36:08.451Z] ----------------------------------------------------------------------
[debug] 
[debug] [2022-09-06T21:36:08.457Z] >>> [apiv2][query] GET https://firebase-public.firebaseio.com/cli.json [none]
[debug] [2022-09-06T21:36:08.604Z] > command requires scopes: ["email","openid","https://www.googleapis.com/auth/cloudplatformprojects.readonly","https://www.googleapis.com/auth/firebase","https://www.googleapis.com/auth/cloud-platform"]
[debug] [2022-09-06T21:36:08.604Z] > authorizing via signed-in user (atayev25@gmail.com)
[info] i  emulators: Starting emulators: functions, hosting {"metadata":{"emulator":{"name":"hub"},"message":"Starting emulators: functions, hosting"}}
[debug] [2022-09-06T21:36:08.721Z] [hub] writing locator at C:\Users\ibrahim\AppData\Local\Temp\hub-clone-d7aeb.json
[warn] !  functions: The following emulators are not running, calls to these services from the Functions emulator will affect production: auth, firestore, database, pubsub, storage, eventarc {"metadata":{"emulator":{"name":"functions"},"message":"The following emulators are not running, calls to these services from the Functions emulator will affect production: \u001b[1mauth, firestore, database, pubsub, storage, eventarc\u001b[22m"}}
[info] +  functions: Using node@16 from host. {"metadata":{"emulator":{"name":"functions"},"message":"Using node@16 from host."}}
[debug] [2022-09-06T21:36:08.967Z] defaultcredentials: writing to file C:\Users\ibrahim\AppData\Roaming\firebase\atayev25_gmail_com_application_default_credentials.json
[debug] [2022-09-06T21:36:08.975Z] Setting GAC to C:\Users\ibrahim\AppData\Roaming\firebase\atayev25_gmail_com_application_default_credentials.json {"metadata":{"emulator":{"name":"functions"},"message":"Setting GAC to C:\\Users\\ibrahim\\AppData\\Roaming\\firebase\\atayev25_gmail_com_application_default_credentials.json"}}
[debug] [2022-09-06T21:36:08.977Z] > refreshing access token with scopes: []
[debug] [2022-09-06T21:36:08.980Z] >>> [apiv2][query] POST https://www.googleapis.com/oauth2/v3/token [none]
[debug] [2022-09-06T21:36:08.980Z] >>> [apiv2][body] POST https://www.googleapis.com/oauth2/v3/token [omitted]
[debug] [2022-09-06T21:36:09.166Z] <<< [apiv2][status] GET https://firebase-public.firebaseio.com/cli.json 200
[debug] [2022-09-06T21:36:09.166Z] <<< [apiv2][body] GET https://firebase-public.firebaseio.com/cli.json {"cloudBuildErrorAfter":1594252800000,"cloudBuildWarnAfter":1590019200000,"defaultNode10After":1594252800000,"minVersion":"3.0.5","node8DeploysDisabledAfter":1613390400000,"node8RuntimeDisabledAfter":1615809600000,"node8WarnAfter":1600128000000}
[debug] [2022-09-06T21:36:09.346Z] <<< [apiv2][status] POST https://www.googleapis.com/oauth2/v3/token 200
[debug] [2022-09-06T21:36:09.346Z] <<< [apiv2][body] POST https://www.googleapis.com/oauth2/v3/token [omitted]
[debug] [2022-09-06T21:36:09.360Z] >>> [apiv2][query] GET https://firebase.googleapis.com/v1beta1/projects/clone-d7aeb/adminSdkConfig [none]
[debug] [2022-09-06T21:36:09.773Z] <<< [apiv2][status] GET https://firebase.googleapis.com/v1beta1/projects/clone-d7aeb/adminSdkConfig 200
[debug] [2022-09-06T21:36:09.773Z] <<< [apiv2][body] GET https://firebase.googleapis.com/v1beta1/projects/clone-d7aeb/adminSdkConfig {"projectId":"clone-d7aeb","storageBucket":"clone-d7aeb.appspot.com","locationId":"us-central"}
[debug] [2022-09-06T21:36:09.797Z] >>> [apiv2][query] GET https://firebasehosting.googleapis.com/v1beta1/projects/clone-d7aeb/sites 
[debug] [2022-09-06T21:36:11.195Z] <<< [apiv2][status] GET https://firebasehosting.googleapis.com/v1beta1/projects/clone-d7aeb/sites 200
[debug] [2022-09-06T21:36:11.195Z] <<< [apiv2][body] GET https://firebasehosting.googleapis.com/v1beta1/projects/clone-d7aeb/sites {"sites":[{"name":"projects/clone-d7aeb/sites/clone-d7aeb","defaultUrl":"https://clone-d7aeb.web.app","appId":"1:461635152697:web:c6f7fea0180482c6bfd6e8","type":"DEFAULT_SITE"}]}
[debug] [2022-09-06T21:36:11.196Z] >>> [apiv2][query] GET https://firebase.googleapis.com/v1beta1/projects/clone-d7aeb/webApps/1:461635152697:web:c6f7fea0180482c6bfd6e8/config [none]
[debug] [2022-09-06T21:36:12.346Z] <<< [apiv2][status] GET https://firebase.googleapis.com/v1beta1/projects/clone-d7aeb/webApps/1:461635152697:web:c6f7fea0180482c6bfd6e8/config 200
[debug] [2022-09-06T21:36:12.347Z] <<< [apiv2][body] GET https://firebase.googleapis.com/v1beta1/projects/clone-d7aeb/webApps/1:461635152697:web:c6f7fea0180482c6bfd6e8/config {"projectId":"clone-d7aeb","appId":"1:461635152697:web:c6f7fea0180482c6bfd6e8","storageBucket":"clone-d7aeb.appspot.com","locationId":"us-central","apiKey":"AIzaSyDgnfcH4qpD4VvhE1jJ4nJ8iY3Pxp4Xgeg","authDomain":"clone-d7aeb.firebaseapp.com","messagingSenderId":"461635152697"}
[info] i  hosting: Serving hosting files from: build {"metadata":{"emulator":{"name":"hosting"},"message":"Serving hosting files from: \u001b[1mbuild\u001b[22m"}}
[info] +  hosting: Local server: http://localhost:5000 {"metadata":{"emulator":{"name":"hosting"},"message":"Local server: \u001b[4m\u001b[1mhttp://localhost:5000\u001b[22m\u001b[24m"}}
[debug] [2022-09-06T21:36:12.395Z] Ignoring unsupported arg: auto_download {"metadata":{"emulator":{"name":"ui"},"message":"Ignoring unsupported arg: auto_download"}}
[debug] [2022-09-06T21:36:12.396Z] Ignoring unsupported arg: port {"metadata":{"emulator":{"name":"ui"},"message":"Ignoring unsupported arg: port"}}
[debug] [2022-09-06T21:36:12.396Z] Starting Emulator UI with command {"binary":"node","args":["C:\\Users\\ibrahim\\.cache\\firebase\\emulators\\ui-v1.9.0\\server\\server.js"],"optionalArgs":[],"joinArgs":false} {"metadata":{"emulator":{"name":"ui"},"message":"Starting Emulator UI with command {\"binary\":\"node\",\"args\":[\"C:\\\\Users\\\\ibrahim\\\\.cache\\\\firebase\\\\emulators\\\\ui-v1.9.0\\\\server\\\\server.js\"],\"optionalArgs\":[],\"joinArgs\":false}"}}
[info] i  ui: Emulator UI logging to ui-debug.log {"metadata":{"emulator":{"name":"ui"},"message":"Emulator UI logging to \u001b[1mui-debug.log\u001b[22m"}}
[debug] [2022-09-06T21:36:12.656Z] Web / API server started at localhost:4000
 {"metadata":{"emulator":{"name":"ui"},"message":"Web / API server started at localhost:4000\n"}}
[info] i  functions: Watching "F:\amazonclone\functions" for Cloud Functions... {"metadata":{"emulator":{"name":"functions"},"message":"Watching \"F:\\amazonclone\\functions\" for Cloud Functions..."}}
[debug] [2022-09-06T21:36:12.679Z] Validating nodejs source
[warn] !  functions: package.json indicates an outdated version of firebase-functions. Please upgrade using npm install --save firebase-functions@latest in your functions directory. 
[debug] [2022-09-06T21:36:17.406Z] > [functions] package.json contents: {
  "name": "functions",
  "description": "Cloud Functions for Firebase",
  "scripts": {
    "lint": "eslint .",
    "serve": "firebase emulators:start --only functions",
    "shell": "firebase functions:shell",
    "start": "npm run shell",
    "deploy": "firebase deploy --only functions",
    "logs": "firebase functions:log"
  },
  "engines": {
    "node": "16"
  },
  "main": "index.js",
  "dependencies": {
    "cors": "^2.8.5",
    "express": "^4.18.1",
    "firebase-admin": "^10.0.2",
    "firebase-functions": "^3.18.0",
    "stripe": "^10.5.0"
  },
  "devDependencies": {
    "eslint": "^8.9.0",
    "eslint-config-google": "^0.14.0",
    "firebase-functions-test": "^0.2.0"
  },
  "private": true
}
[debug] [2022-09-06T21:36:17.406Z] Building nodejs source
[debug] [2022-09-06T21:36:17.407Z] Analyzing nodejs backend spec
[debug] [2022-09-06T21:36:17.409Z] Could not find functions.yaml. Must use http discovery
[debug] [2022-09-06T21:36:17.925Z] Serving at port 9005

[debug] [2022-09-06T21:36:18.119Z] Got response from /__/functions.yaml {"endpoints":{"api":{"platform":"gcfv1","httpsTrigger":{},"entryPoint":"api"}},"specVersion":"v1alpha1","requiredAPIs":[]}
[debug] [2022-09-06T21:36:18.137Z] shutdown requested via /__/quitquitquit

[info] +  functions: Loaded functions definitions from source: api. {"metadata":{"emulator":{"name":"functions"},"message":"Loaded functions definitions from source: api."}}
[info] +  functions[us-central1-api]: http function initialized (http://localhost:5001/clone-d7aeb/us-central1/api). {"metadata":{"emulator":{"name":"functions"},"message":"\u001b[1mhttp\u001b[22m function initialized (http://localhost:5001/clone-d7aeb/us-central1/api)."}}
[info] 
┌─────────────────────────────────────────────────────────────┐
│ ✔  All emulators ready! It is now safe to connect your app. │
│ i  View Emulator UI at http://localhost:4000                │
└─────────────────────────────────────────────────────────────┘

┌───────────┬────────────────┬─────────────────────────────────┐
│ Emulator  │ Host:Port      │ View in Emulator UI             │
├───────────┼────────────────┼─────────────────────────────────┤
│ Functions │ localhost:5001 │ http://localhost:4000/functions │
├───────────┼────────────────┼─────────────────────────────────┤
│ Hosting   │ localhost:5000 │ n/a                             │
└───────────┴────────────────┴─────────────────────────────────┘
  Emulator Hub running at localhost:4400
  Other reserved ports: 4500

Issues? Report them at https://github.com/firebase/firebase-tools/issues and attach the *-debug.log files.
 
